url         : http://192.168.10.30:3333/login
method      : GET
total_query : 11
total_time  : 85.56
--------------------

sl          : 1
query       : select count(*) as aggregate from `products` where `status` = ? and `alert_qty` > `qty`
bindings    : 1
final_query : select count(*) as aggregate from `products` where `status` = 1 and `alert_qty` > `qty`
time        : 4.7
file        : C:\wamp64\www\insigni-pos\app\Providers\AppServiceProvider.php:29
line        : 29

sl          : 2
query       : select column_name as `column_name` from information_schema.columns where table_schema = ? and table_name = ?
bindings    : insigniapos|settings
final_query : select column_name as `column_name` from information_schema.columns where table_schema = 'insigniapos' and table_name = 'settings'
time        : 0.76
file        : C:\wamp64\www\insigni-pos\app\Providers\SettingServiceProvider.php:35
line        : 35

sl          : 3
query       : select * from `settings`
bindings    : 
final_query : select * from `settings`
time        : 0.61
file        : C:\wamp64\www\insigni-pos\app\Providers\SettingServiceProvider.php:36
line        : 36

sl          : 9
query       : select * from `users` where `id` = ? limit 1
bindings    : 3
final_query : select * from `users` where `id` = 3 limit 1
time        : 0.72
file        : C:\wamp64\www\insigni-pos\app\Http\Middleware\RedirectIfAuthenticated.php:21
line        : 21

